
[Tue Jan 15 19:51:45 2019] [NO_CLASS]  - 
[Tue Jan 15 19:51:51 2019] [NO_CLASS]  - Pass
[Tue Jan 15 19:52:41 2019] [NO_CLASS]  - 
[Tue Jan 15 19:52:45 2019] [NO_CLASS]  - Pass
[Tue Jan 15 19:53:33 2019] [NO_CLASS]  - 
[Tue Jan 15 19:53:42 2019] [NO_CLASS]  - Pass
[Tue Jan 15 19:56:25 2019] [NO_CLASS]  - 
[Tue Jan 15 19:56:36 2019] [NO_CLASS]  - Pass
[Tue Jan 15 19:57:37 2019] [NO_CLASS]  - 
[Tue Jan 15 19:57:45 2019] [NO_CLASS]  - Pass
[Tue Jan 15 20:00:20 2019] [NO_CLASS]  - 
[Tue Jan 15 20:00:25 2019] [NO_CLASS]  - Pass
[Tue Jan 15 20:03:28 2019] [NO_CLASS]  - 
[Tue Jan 15 20:03:35 2019] [NO_CLASS]  - Pass
[Tue Jan 15 20:03:52 2019] [NO_CLASS]  - 
[Tue Jan 15 20:03:59 2019] [NO_CLASS]  - Pass
[Tue Jan 15 20:07:05 2019] [NO_CLASS]  - 
[Tue Jan 15 20:07:11 2019] [NO_CLASS]  - Pass
[Tue Jan 15 20:11:14 2019] [NO_CLASS]  - 
[Tue Jan 15 20:14:15 2019] [NO_CLASS]  - 
[Wed Jan 16 14:25:46 2019] [NO_CLASS]  - Pass
[Wed Jan 16 14:27:14 2019] [NO_CLASS]  - Pass
[Wed Jan 16 14:28:06 2019] [NO_CLASS]  - Pass
[Wed Jan 16 14:29:27 2019] [NO_CLASS]  - Pass
[Wed Jan 16 14:30:50 2019] [NO_CLASS]  - Pass
[Wed Jan 16 14:32:21 2019] [NO_CLASS]  - Pass
[Wed Jan 16 14:34:33 2019] [NO_CLASS]  - Pass
[Wed Jan 16 14:35:09 2019] [NO_CLASS]  - Pass
[Wed Jan 16 14:37:29 2019] [NO_CLASS]  - Pass
[Wed Jan 16 14:39:02 2019] [NO_CLASS]  - Pass
[Wed Jan 16 14:42:34 2019] [NO_CLASS]  - Pass
[Wed Jan 16 14:44:53 2019] [NO_CLASS]  - Pass
[Wed Jan 16 14:45:26 2019] [NO_CLASS]  - Pass
[Wed Jan 16 14:49:53 2019] [NO_CLASS]  - Pass
[Wed Jan 16 14:58:16 2019] [NO_CLASS]  - Pass
[Wed Jan 16 14:58:38 2019] [NO_CLASS]  - Pass
[Wed Jan 16 14:58:55 2019] [NO_CLASS]  - Pass
[Wed Jan 16 15:04:34 2019] [NO_CLASS]  - Pass
[Wed Jan 16 15:05:14 2019] [NO_CLASS]  - Pass
[Wed Jan 16 15:05:35 2019] [NO_CLASS]  - Pass
[Wed Jan 16 15:06:13 2019] [NO_CLASS]  - Pass
[Wed Jan 16 15:12:27 2019] [NO_CLASS]  - Pass
[Wed Jan 16 15:14:13 2019] [NO_CLASS]  - Pass
[Wed Jan 16 15:16:20 2019] [NO_CLASS]  - Pass
[Wed Jan 16 15:17:08 2019] [NO_CLASS]  - Pass
[Wed Jan 16 15:19:06 2019] [cFake] <renamer.Renamer.handle.<locals>.cFake object at 0x7ff25c1814a8> - Pass
[Wed Jan 16 15:19:42 2019] [cFake] <renamer.Renamer.handle.<locals>.cFake object at 0x7f0a421394a8> - Pass
[Wed Jan 16 15:20:21 2019] [cFake] <renamer.Renamer.handle.<locals>.cFake object at 0x7fc4cdabe4a8> - Pass
[Wed Jan 16 15:21:05 2019] [cFake] <renamer.Renamer.handle.<locals>.cFake object at 0x7f5b5e41f4a8> - Pass
[Wed Jan 16 15:31:06 2019] [cFake] <renamer.Renamer.handle.<locals>.cFake object at 0x7f3b1eb2d4a8> - Pass
[Wed Jan 16 15:34:09 2019] [cFake] <renamer.Renamer.handle.<locals>.cFake object at 0x7fedf92794a8> - Pass
[Wed Jan 16 15:35:24 2019] [cFake] <renamer.Renamer.handle.<locals>.cFake object at 0x7fc8f7d064a8> - Pass
[Wed Jan 16 15:36:17 2019] [cFake] <renamer.Renamer.handle.<locals>.cFake object at 0x7f3b161474a8> - Pass
[Wed Jan 16 15:41:11 2019] [cFake] <renamer.Renamer.handle.<locals>.cFake object at 0x7f84b507b4a8> - Pass
[Wed Jan 16 15:45:41 2019] [cFake] <renamer.Renamer.handle.<locals>.cFake object at 0x7fbbfa5fa4a8> - Pass
[Wed Jan 16 15:45:56 2019] [cFake] <renamer.Renamer.handle.<locals>.cFake object at 0x7fba1ca924a8> - Pass
[Wed Jan 16 15:47:10 2019] [cFake] <renamer.Renamer.handle.<locals>.cFake object at 0x7f1a134ac4a8> - Pass
[Wed Jan 16 15:47:41 2019] [cFake] <renamer.Renamer.handle.<locals>.cFake object at 0x7f4b693bd4a8> - Pass
[Wed Jan 16 15:48:26 2019] [cFake] <renamer.Renamer.handle.<locals>.cFake object at 0x7fdb0aed94a8> - Pass
[Wed Jan 16 15:49:20 2019] [cFake] <renamer.Renamer.handle.<locals>.cFake object at 0x7fdeca4704a8> - Pass
[Wed Jan 16 15:49:58 2019] [cFake] <renamer.Renamer.handle.<locals>.cFake object at 0x7f1b3a8a24a8> - Pass
[Wed Jan 16 15:50:27 2019] [cFake] <renamer.Renamer.handle.<locals>.cFake object at 0x7f8c80c4c4a8> - Pass
[Wed Jan 16 15:52:11 2019] [cFake] <renamer.Renamer.handle.<locals>.cFake object at 0x7f48317a24a8> - Pass
[Wed Jan 16 15:54:59 2019] [cFake] <renamer.Renamer.handle.<locals>.cFake object at 0x7f7e858794a8> - Pass
[Wed Jan 16 16:04:52 2019] [cFake] <renamer.Renamer.handle.<locals>.cFake object at 0x7f14fbb234a8> - Pass
[Wed Jan 16 16:06:37 2019] [cFake] <renamer.Renamer.handle.<locals>.cFake object at 0x7f35442e44a8> - 
[Wed Jan 16 16:08:37 2019] [cFake] <renamer.Renamer.handle.<locals>.cFake object at 0x7fa05b7124a8> - 
[Wed Jan 16 16:13:35 2019] [cFake] <renamer.Renamer.handle.<locals>.cFake object at 0x7f83328064a8> - 
[Wed Jan 16 16:36:44 2019] [cFake] <renamer.Renamer.handle.<locals>.cFake object at 0x7f83305fd4a8> - 
[Wed Jan 16 16:40:58 2019] [cFake] <renamer.Renamer.handle.<locals>.cFake object at 0x7ff3ae34f4a8> - 